
Showing logs for build [32mmeta-cb-kubecd-environment-pr-1-xkhl9-1[0m stage [32mmeta-pipeline[0m and container [32mstep-credential-initializer-whbfs[0m
{"level":"warn","ts":1585687804.587073,"logger":"fallback-logger","caller":"logging/config.go:69","msg":"Fetch GitHub commit ID from kodata failed: \"ref: refs/heads/0.8.0-**-support-backwards-incompats\" is not a valid GitHub commit ID"}
{"level":"info","ts":1585687804.5876212,"logger":"fallback-logger","caller":"creds-init/main.go:40","msg":"Credentials initialized."}

Showing logs for build [32mmeta-cb-kubecd-environment-pr-1-xkhl9-1[0m stage [32mmeta-pipeline[0m and container [32mstep-working-dir-initializer-88rqw[0m
{"level":"warn","ts":1585687805.5779228,"logger":"fallback-logger","caller":"logging/config.go:69","msg":"Fetch GitHub commit ID from kodata failed: open /var/run/ko/HEAD: no such file or directory"}
{"level":"info","ts":1585687805.5802844,"logger":"fallback-logger","caller":"bash/main.go:64","msg":"Successfully executed command \"sh -c mkdir -p /workspace/source\"; output "}

Showing logs for build [32mmeta-cb-kubecd-environment-pr-1-xkhl9-1[0m stage [32mmeta-pipeline[0m and container [32mstep-place-tools[0m

Showing logs for build [32mmeta-cb-kubecd-environment-pr-1-xkhl9-1[0m stage [32mmeta-pipeline[0m and container [32mstep-git-source-meta-cb-kubecd-environment-pr-1-xkhl9-zc6r7[0m
{"level":"warn","ts":1585687811.6373625,"logger":"fallback-logger","caller":"logging/config.go:69","msg":"Fetch GitHub commit ID from kodata failed: \"ref: refs/heads/0.8.0-**-support-backwards-incompats\" is not a valid GitHub commit ID"}
{"level":"info","ts":1585687812.7374945,"logger":"fallback-logger","caller":"git/git.go:103","msg":"Successfully cloned https://github.com/cb-kubecd/environment-pr-192-13-boot-gke-production.git @ 36a760d281a26c679df7cf2075087964505ff218 in path /workspace/source"}

Showing logs for build [32mmeta-cb-kubecd-environment-pr-1-xkhl9-1[0m stage [32mmeta-pipeline[0m and container [32mstep-git-merge[0m
Using SHAs from PULL_REFS=master:36a760d281a26c679df7cf2075087964505ff218,1:fa6ab3dde2e8b8e7b289101ace2a7f401d58fb04
DEBUG: LC_ALL=C JX_LOG_LEVEL=error git fetch origin --unshallow fa6ab3dde2e8b8e7b289101ace2a7f401d58fb04: 36a760d281a26c679df7cf2075087964505ff218:
DEBUG: ran git fetch --unshallow origin fa6ab3dde2e8b8e7b289101ace2a7f401d58fb04: 36a760d281a26c679df7cf2075087964505ff218: in 
DEBUG: LC_ALL=C JX_LOG_LEVEL=error git branch
DEBUG: LC_ALL=C JX_LOG_LEVEL=error git checkout master
DEBUG: ran git checkout master in 
DEBUG: LC_ALL=C JX_LOG_LEVEL=error git reset --hard 36a760d281a26c679df7cf2075087964505ff218
DEBUG: ran git reset --hard 36a760d281a26c679df7cf2075087964505ff218 in 
DEBUG: LC_ALL=C JX_LOG_LEVEL=error git clean -fd .
DEBUG: ran clean --force -d . in 
DEBUG: LC_ALL=C JX_LOG_LEVEL=error git merge fa6ab3dde2e8b8e7b289101ace2a7f401d58fb04
DEBUG: ran git merge fa6ab3dde2e8b8e7b289101ace2a7f401d58fb04 in 
DEBUG: LC_ALL=C JX_LOG_LEVEL=error git log --format=%H%x1f%an%x1f%ae%x1f%cn%x1f%ce%x1f%s%n%b%x1e 36a760d281a26c679df7cf2075087964505ff218..HEAD
Merged SHA fa6ab3dde2e8b8e7b289101ace2a7f401d58fb04 with commit message 'chore: Promote bdd-spring-1585686536 to version 0.0.1' into base branch master

Showing logs for build [32mmeta-cb-kubecd-environment-pr-1-xkhl9-1[0m stage [32mmeta-pipeline[0m and container [32mstep-merge-pull-refs[0m
DEBUG: LC_ALL=C JX_LOG_LEVEL=error git fetch origin --unshallow fa6ab3dde2e8b8e7b289101ace2a7f401d58fb04: 36a760d281a26c679df7cf2075087964505ff218:
DEBUG: LC_ALL=C JX_LOG_LEVEL=error git fetch origin fa6ab3dde2e8b8e7b289101ace2a7f401d58fb04: 36a760d281a26c679df7cf2075087964505ff218:
DEBUG: ran git fetch origin fa6ab3dde2e8b8e7b289101ace2a7f401d58fb04: 36a760d281a26c679df7cf2075087964505ff218: in 
DEBUG: LC_ALL=C JX_LOG_LEVEL=error git rev-parse --is-shallow-repository
DEBUG: Unshallowed git repo in 
DEBUG: LC_ALL=C JX_LOG_LEVEL=error git branch
DEBUG: LC_ALL=C JX_LOG_LEVEL=error git checkout master
DEBUG: ran git checkout master in 
DEBUG: LC_ALL=C JX_LOG_LEVEL=error git reset --hard 36a760d281a26c679df7cf2075087964505ff218
DEBUG: ran git reset --hard 36a760d281a26c679df7cf2075087964505ff218 in 
DEBUG: LC_ALL=C JX_LOG_LEVEL=error git clean -fd .
DEBUG: ran clean --force -d . in 
DEBUG: JX_LOG_LEVEL=error LC_ALL=C git merge fa6ab3dde2e8b8e7b289101ace2a7f401d58fb04
DEBUG: ran git merge fa6ab3dde2e8b8e7b289101ace2a7f401d58fb04 in 
DEBUG: LC_ALL=C JX_LOG_LEVEL=error git log --format=%H%x1f%an%x1f%ae%x1f%cn%x1f%ce%x1f%s%n%b%x1e 36a760d281a26c679df7cf2075087964505ff218..HEAD
Merged SHA fa6ab3dde2e8b8e7b289101ace2a7f401d58fb04 with commit message 'chore: Promote bdd-spring-1585686536 to version 0.0.1' into base branch master

Showing logs for build [32mmeta-cb-kubecd-environment-pr-1-xkhl9-1[0m stage [32mmeta-pipeline[0m and container [32mstep-create-effective-pipeline[0m
error: : failed to git fetch origin fff1270eeb182959a1b446507b83b93c20d2bec8 for repo: https://github.com/cloudbees/cloudbees-jenkins-x-versions.git in dir /builder/home/.**/jenkins-x-versions: failed to run 'git fetch origin fff1270eeb182959a1b446507b83b93c20d2bec8' command in directory '/builder/home/.**/jenkins-x-versions', output: 'fatal: unable to access 'https://github.com/cloudbees/cloudbees-jenkins-x-versions.git/': TCP connection reset by peer'
[31m
Pipeline failed on stage 'meta-pipeline' : container 'step-create-effective-pipeline'. The execution of the pipeline has stopped.[0m

Showing logs for build [32mmeta-cb-kubecd-environment-pr-1-xkhl9-1[0m stage [32mmeta-pipeline[0m and container [32mstep-credential-initializer-whbfs[0m
{"level":"warn","ts":1585687804.587073,"logger":"fallback-logger","caller":"logging/config.go:69","msg":"Fetch GitHub commit ID from kodata failed: \"ref: refs/heads/0.8.0-**-support-backwards-incompats\" is not a valid GitHub commit ID"}
{"level":"info","ts":1585687804.5876212,"logger":"fallback-logger","caller":"creds-init/main.go:40","msg":"Credentials initialized."}

Showing logs for build [32mmeta-cb-kubecd-environment-pr-1-xkhl9-1[0m stage [32mmeta-pipeline[0m and container [32mstep-working-dir-initializer-88rqw[0m
{"level":"warn","ts":1585687805.5779228,"logger":"fallback-logger","caller":"logging/config.go:69","msg":"Fetch GitHub commit ID from kodata failed: open /var/run/ko/HEAD: no such file or directory"}
{"level":"info","ts":1585687805.5802844,"logger":"fallback-logger","caller":"bash/main.go:64","msg":"Successfully executed command \"sh -c mkdir -p /workspace/source\"; output "}

Showing logs for build [32mmeta-cb-kubecd-environment-pr-1-xkhl9-1[0m stage [32mmeta-pipeline[0m and container [32mstep-place-tools[0m

Showing logs for build [32mmeta-cb-kubecd-environment-pr-1-xkhl9-1[0m stage [32mmeta-pipeline[0m and container [32mstep-git-source-meta-cb-kubecd-environment-pr-1-xkhl9-zc6r7[0m
{"level":"warn","ts":1585687811.6373625,"logger":"fallback-logger","caller":"logging/config.go:69","msg":"Fetch GitHub commit ID from kodata failed: \"ref: refs/heads/0.8.0-**-support-backwards-incompats\" is not a valid GitHub commit ID"}
{"level":"info","ts":1585687812.7374945,"logger":"fallback-logger","caller":"git/git.go:103","msg":"Successfully cloned https://github.com/cb-kubecd/environment-pr-192-13-boot-gke-production.git @ 36a760d281a26c679df7cf2075087964505ff218 in path /workspace/source"}

Showing logs for build [32mmeta-cb-kubecd-environment-pr-1-xkhl9-1[0m stage [32mmeta-pipeline[0m and container [32mstep-git-merge[0m
Using SHAs from PULL_REFS=master:36a760d281a26c679df7cf2075087964505ff218,1:fa6ab3dde2e8b8e7b289101ace2a7f401d58fb04
DEBUG: LC_ALL=C JX_LOG_LEVEL=error git fetch origin --unshallow fa6ab3dde2e8b8e7b289101ace2a7f401d58fb04: 36a760d281a26c679df7cf2075087964505ff218:
DEBUG: ran git fetch --unshallow origin fa6ab3dde2e8b8e7b289101ace2a7f401d58fb04: 36a760d281a26c679df7cf2075087964505ff218: in 
DEBUG: LC_ALL=C JX_LOG_LEVEL=error git branch
DEBUG: LC_ALL=C JX_LOG_LEVEL=error git checkout master
DEBUG: ran git checkout master in 
DEBUG: LC_ALL=C JX_LOG_LEVEL=error git reset --hard 36a760d281a26c679df7cf2075087964505ff218
DEBUG: ran git reset --hard 36a760d281a26c679df7cf2075087964505ff218 in 
DEBUG: LC_ALL=C JX_LOG_LEVEL=error git clean -fd .
DEBUG: ran clean --force -d . in 
DEBUG: LC_ALL=C JX_LOG_LEVEL=error git merge fa6ab3dde2e8b8e7b289101ace2a7f401d58fb04
DEBUG: ran git merge fa6ab3dde2e8b8e7b289101ace2a7f401d58fb04 in 
DEBUG: LC_ALL=C JX_LOG_LEVEL=error git log --format=%H%x1f%an%x1f%ae%x1f%cn%x1f%ce%x1f%s%n%b%x1e 36a760d281a26c679df7cf2075087964505ff218..HEAD
Merged SHA fa6ab3dde2e8b8e7b289101ace2a7f401d58fb04 with commit message 'chore: Promote bdd-spring-1585686536 to version 0.0.1' into base branch master

Showing logs for build [32mmeta-cb-kubecd-environment-pr-1-xkhl9-1[0m stage [32mmeta-pipeline[0m and container [32mstep-merge-pull-refs[0m
DEBUG: LC_ALL=C JX_LOG_LEVEL=error git fetch origin --unshallow fa6ab3dde2e8b8e7b289101ace2a7f401d58fb04: 36a760d281a26c679df7cf2075087964505ff218:
DEBUG: LC_ALL=C JX_LOG_LEVEL=error git fetch origin fa6ab3dde2e8b8e7b289101ace2a7f401d58fb04: 36a760d281a26c679df7cf2075087964505ff218:
DEBUG: ran git fetch origin fa6ab3dde2e8b8e7b289101ace2a7f401d58fb04: 36a760d281a26c679df7cf2075087964505ff218: in 
DEBUG: LC_ALL=C JX_LOG_LEVEL=error git rev-parse --is-shallow-repository
DEBUG: Unshallowed git repo in 
DEBUG: LC_ALL=C JX_LOG_LEVEL=error git branch
DEBUG: LC_ALL=C JX_LOG_LEVEL=error git checkout master
DEBUG: ran git checkout master in 
DEBUG: LC_ALL=C JX_LOG_LEVEL=error git reset --hard 36a760d281a26c679df7cf2075087964505ff218
DEBUG: ran git reset --hard 36a760d281a26c679df7cf2075087964505ff218 in 
DEBUG: LC_ALL=C JX_LOG_LEVEL=error git clean -fd .
DEBUG: ran clean --force -d . in 
DEBUG: JX_LOG_LEVEL=error LC_ALL=C git merge fa6ab3dde2e8b8e7b289101ace2a7f401d58fb04
DEBUG: ran git merge fa6ab3dde2e8b8e7b289101ace2a7f401d58fb04 in 
DEBUG: LC_ALL=C JX_LOG_LEVEL=error git log --format=%H%x1f%an%x1f%ae%x1f%cn%x1f%ce%x1f%s%n%b%x1e 36a760d281a26c679df7cf2075087964505ff218..HEAD
Merged SHA fa6ab3dde2e8b8e7b289101ace2a7f401d58fb04 with commit message 'chore: Promote bdd-spring-1585686536 to version 0.0.1' into base branch master

Showing logs for build [32mmeta-cb-kubecd-environment-pr-1-xkhl9-1[0m stage [32mmeta-pipeline[0m and container [32mstep-create-effective-pipeline[0m
error: : failed to git fetch origin fff1270eeb182959a1b446507b83b93c20d2bec8 for repo: https://github.com/cloudbees/cloudbees-jenkins-x-versions.git in dir /builder/home/.**/jenkins-x-versions: failed to run 'git fetch origin fff1270eeb182959a1b446507b83b93c20d2bec8' command in directory '/builder/home/.**/jenkins-x-versions', output: 'fatal: unable to access 'https://github.com/cloudbees/cloudbees-jenkins-x-versions.git/': TCP connection reset by peer'
[31m
Pipeline failed on stage 'meta-pipeline' : container 'step-create-effective-pipeline'. The execution of the pipeline has stopped.[0m
